<?xml version="1.0" encoding="UTF-8"?>
<!-- Generated by org.testng.reporters.JUnitReportReporter -->
<testsuite hostname="HarishGajjela" failures="0" tests="2" name="Tests.ContactTest" time="51.729" errors="0" timestamp="2024-03-21T23:45:19 GMT" skipped="0">
  <testcase classname="Tests.ContactTest" name="initialize" time="0.042"/>
  <testcase classname="Tests.ContactTest" name="testSteps" time="51.687"/>
</testsuite> <!-- Tests.ContactTest -->
